<?xml version="1.0" encoding="UTF-8"?>
<testsuite name="CalculatorTest" tests="1" skipped="0" failures="0" errors="0" timestamp="2016-02-19T21:42:09" hostname="dyn-11-241.boulder.pivotallabs.com" time="0.004">
  <properties/>
  <testcase name="evaluatesExpression" classname="CalculatorTest" time="0.004"/>
  <system-out><![CDATA[]]></system-out>
  <system-err><![CDATA[]]></system-err>
</testsuite>
