<?xml version="1.0" encoding="UTF-8"?>
<testsuite name="CalculatorTest" tests="1" skipped="0" failures="0" errors="0" timestamp="2016-02-23T17:31:28" hostname="dyn-11-241.boulder.pivotallabs.com" time="0.002">
  <properties/>
  <testcase name="evaluatesExpression" classname="CalculatorTest" time="0.002"/>
  <system-out><![CDATA[]]></system-out>
  <system-err><![CDATA[]]></system-err>
</testsuite>
